<?xml version="1.0" encoding="UTF-8"?>
<!-- Generated by org.testng.reporters.JUnitXMLReporter -->
<testsuite hostname="BDC6-LX-723061Y" ignored="0" name="SanitySuite5_WorkFlow" tests="4" failures="1" timestamp="28 Aug 2018 11:38:32 GMT" time="530.949" errors="0">
  <testcase name="tcSCFunctional" time="516.174" classname="com.hasbro.sanity.SanitySuite5_WorkFlow">
    <failure type="java.lang.AssertionError" message="expected [Request Sent] but found [Draft]">
      <![CDATA[java.lang.AssertionError: expected [Request Sent] but found [Draft]
at util.CommonFunctions.AssertEqualsVerification(CommonFunctions.java:257)
at com.hasbro.sanity.WorkFlowPreRequisite.SubmitRequestStatusCheck(WorkFlowPreRequisite.java:1348)
at com.hasbro.sanity.WorkFlowPreRequisite.workFlow_PreRequisite_ForTwoRetailItems(WorkFlowPreRequisite.java:145)
at com.hasbro.sanity.SanitySuite5_WorkFlow.tcSCFunctional(SanitySuite5_WorkFlow.java:160)
... Removed 35 stack frames]]>
    </failure>
  </testcase> <!-- tcSCFunctional -->
  <testcase name="tcSCFunctional" time="0.934" classname="com.hasbro.sanity.SanitySuite5_WorkFlow">
    <skipped/>
  </testcase> <!-- tcSCFunctional -->
  <testcase name="tcSCFunctional" time="0.877" classname="com.hasbro.sanity.SanitySuite5_WorkFlow">
    <skipped/>
  </testcase> <!-- tcSCFunctional -->
  <testcase name="tcSCFunctional" time="0.832" classname="com.hasbro.sanity.SanitySuite5_WorkFlow">
    <skipped/>
  </testcase> <!-- tcSCFunctional -->
</testsuite> <!-- SanitySuite5_WorkFlow -->
