<?xml version="1.0" encoding="UTF-8"?>
<testsuite name="SanitySuite3"
           tests="3"
           failures="1"
           errors="0"
           skipped="2"
           time="0.000">
  <properties />
            <testcase name="tcSCFunctional" time="0.000" classname="com.hasbro.sanity.SanitySuite3">
                <failure type="org.testng.TestNGException"
                  message="
Data Provider public java.lang.Object[] com.hasbro.sanity.SanitySuite3.testDataTest() must return either Object[][] or Iterator&lt;Object&gt;[], not class [Ljava.lang.Object;"
              >
<![CDATA[org.testng.TestNGException: 
Data Provider public java.lang.Object[] com.hasbro.sanity.SanitySuite3.testDataTest() must return either Object[][] or Iterator<Object>[], not class [Ljava.lang.Object;
  org.testng.internal.MethodInvocationHelper.invokeDataProvider(MethodInvocationHelper.java:137)
  org.testng.internal.Parameters.handleParameters(Parameters.java:426)
  org.testng.internal.Invoker.handleParameters(Invoker.java:1383)
  org.testng.internal.Invoker.createParameters(Invoker.java:1075)
  org.testng.internal.Invoker.invokeTestMethods(Invoker.java:1180)
  org.testng.internal.TestMethodWorker.invokeTestMethods(TestMethodWorker.java:127)
  org.testng.internal.TestMethodWorker.run(TestMethodWorker.java:111)
  org.testng.TestRunner.privateRun(TestRunner.java:767)
  org.testng.TestRunner.run(TestRunner.java:617)
  org.testng.SuiteRunner.runTest(SuiteRunner.java:334)
  org.testng.SuiteRunner.runSequentially(SuiteRunner.java:329)
  org.testng.SuiteRunner.privateRun(SuiteRunner.java:291)
  org.testng.SuiteRunner.run(SuiteRunner.java:240)
  org.testng.SuiteRunnerWorker.runSuite(SuiteRunnerWorker.java:52)
  org.testng.SuiteRunnerWorker.run(SuiteRunnerWorker.java:86)
  org.testng.TestNG.runSuitesSequentially(TestNG.java:1198)
  org.testng.TestNG.runSuitesLocally(TestNG.java:1123)
  org.testng.TestNG.run(TestNG.java:1031)
  org.apache.maven.surefire.testng.TestNGExecutor.run(TestNGExecutor.java:281)
  org.apache.maven.surefire.testng.TestNGXmlTestSuite.execute(TestNGXmlTestSuite.java:75)
  org.apache.maven.surefire.testng.TestNGProvider.invoke(TestNGProvider.java:121)
  org.apache.maven.surefire.booter.ForkedBooter.invokeProviderInSameClassLoader(ForkedBooter.java:290)
  org.apache.maven.surefire.booter.ForkedBooter.runSuitesInProcess(ForkedBooter.java:242)
  org.apache.maven.surefire.booter.ForkedBooter.main(ForkedBooter.java:121)
]]>
      </failure>

          </testcase>
  
            <testcase name="checkTestcaseSkip" time="0.0" classname="com.hasbro.sanity.SanitySuite3">
          <skipped />
    </testcase>
            <testcase name="reportTestcaseResult" time="0.0" classname="com.hasbro.sanity.SanitySuite3">
          <skipped />
    </testcase>
  
  
</testsuite>
